2016 09 27 15:14:29 ERROR [com.guang.mvnbook.account.web.SignUpServlet] 
com.guang.mvnbook.account.service.AccountServiceException: 2 passwords do not match.
	at com.guang.mvnbook.account.service.AccountServiceImpl.signUp(AccountServiceImpl.java:54)
	at sun.reflect.NativeMethodAccessorImpl.invoke0(Native Method)
	at sun.reflect.NativeMethodAccessorImpl.invoke(NativeMethodAccessorImpl.java:57)
	at sun.reflect.DelegatingMethodAccessorImpl.invoke(DelegatingMethodAccessorImpl.java:43)
	at java.lang.reflect.Method.invoke(Method.java:606)
	at org.springframework.aop.support.AopUtils.invokeJoinpointUsingReflection(AopUtils.java:302)
	at org.springframework.aop.framework.ReflectiveMethodInvocation.invokeJoinpoint(ReflectiveMethodInvocation.java:190)
	at org.springframework.aop.framework.ReflectiveMethodInvocation.proceed(ReflectiveMethodInvocation.java:157)
	at org.springframework.transaction.interceptor.TransactionInterceptor$1.proceedWithInvocation(TransactionInterceptor.java:99)
	at org.springframework.transaction.interceptor.TransactionAspectSupport.invokeWithinTransaction(TransactionAspectSupport.java:281)
	at org.springframework.transaction.interceptor.TransactionInterceptor.invoke(TransactionInterceptor.java:96)
	at org.springframework.aop.framework.ReflectiveMethodInvocation.proceed(ReflectiveMethodInvocation.java:179)
	at org.springframework.aop.framework.JdkDynamicAopProxy.invoke(JdkDynamicAopProxy.java:208)
	at com.sun.proxy.$Proxy32.signUp(Unknown Source)
	at com.guang.mvnbook.account.web.SignUpServlet.doPost(SignUpServlet.java:59)
	at javax.servlet.http.HttpServlet.service(HttpServlet.java:727)
	at javax.servlet.http.HttpServlet.service(HttpServlet.java:820)
	at org.eclipse.jetty.servlet.ServletHolder.handle(ServletHolder.java:527)
	at org.eclipse.jetty.servlet.ServletHandler.doHandle(ServletHandler.java:423)
	at org.eclipse.jetty.server.handler.ScopedHandler.handle(ScopedHandler.java:119)
	at org.eclipse.jetty.security.SecurityHandler.handle(SecurityHandler.java:493)
	at org.eclipse.jetty.server.session.SessionHandler.doHandle(SessionHandler.java:225)
	at org.eclipse.jetty.server.handler.ContextHandler.doHandle(ContextHandler.java:930)
	at org.eclipse.jetty.servlet.ServletHandler.doScope(ServletHandler.java:358)
	at org.eclipse.jetty.server.session.SessionHandler.doScope(SessionHandler.java:183)
	at org.eclipse.jetty.server.handler.ContextHandler.doScope(ContextHandler.java:866)
	at org.eclipse.jetty.server.handler.ScopedHandler.handle(ScopedHandler.java:117)
	at org.eclipse.jetty.server.handler.ContextHandlerCollection.handle(ContextHandlerCollection.java:245)
	at org.eclipse.jetty.server.handler.HandlerCollection.handle(HandlerCollection.java:126)
	at org.eclipse.jetty.server.handler.HandlerWrapper.handle(HandlerWrapper.java:113)
	at org.eclipse.jetty.server.Server.handle(Server.java:351)
	at org.eclipse.jetty.server.HttpConnection.handleRequest(HttpConnection.java:594)
	at org.eclipse.jetty.server.HttpConnection$RequestHandler.content(HttpConnection.java:1059)
	at org.eclipse.jetty.http.HttpParser.parseNext(HttpParser.java:764)
	at org.eclipse.jetty.http.HttpParser.parseAvailable(HttpParser.java:217)
	at org.eclipse.jetty.server.HttpConnection.handle(HttpConnection.java:424)
	at org.eclipse.jetty.io.nio.SelectChannelEndPoint.run(SelectChannelEndPoint.java:506)
	at org.eclipse.jetty.util.thread.QueuedThreadPool$2.run(QueuedThreadPool.java:436)
	at java.lang.Thread.run(Thread.java:745)
